<?xml version="1.0" encoding="UTF-8"?>
<!-- Generated by org.testng.reporters.JUnitReportReporter -->
<testsuite hostname="Aksamaria" failures="0" tests="1" name="Testng.Guru99fileupload" time="4.759" errors="0" timestamp="2024-08-03T14:49:45 IST" skipped="0">
  <testcase classname="Testng.Guru99fileupload" name="test" time="4.759"/>
  <system-out/>
</testsuite> <!-- Testng.Guru99fileupload -->
