<?xml version="1.0" encoding="UTF-8"?>
<!-- Generated by org.testng.reporters.JUnitReportReporter -->
<testsuite hostname="Aksamaria" failures="0" tests="1" name="test.BDlogin1" time="7.865" errors="0" timestamp="2024-08-02T00:01:15 IST" skipped="0">
  <testcase classname="test.BDlogin1" name="testlogin" time="7.865"/>
  <system-out/>
</testsuite> <!-- test.BDlogin1 -->
