<?xml version="1.0" encoding="UTF-8"?>
<!-- Generated by org.testng.reporters.JUnitReportReporter -->
<testsuite hostname="Aksamaria" failures="0" tests="1" name="Testingdemohw.paramereterdemo1" time="0.009" errors="0" timestamp="2024-07-20T13:12:22 IST" skipped="0">
  <testcase classname="Testingdemohw.paramereterdemo1" name="main" time="0.009"/>
  <system-out/>
</testsuite> <!-- Testingdemohw.paramereterdemo1 -->
