<?xml version="1.0" encoding="UTF-8"?>
<!-- Generated by org.testng.reporters.JUnitReportReporter -->
<testsuite hostname="Aksamaria" failures="0" tests="1" name="test.BDregister1" time="3.770" errors="0" timestamp="2024-08-02T00:03:01 IST" skipped="0">
  <testcase classname="test.BDregister1" name="testregister" time="3.770"/>
  <system-out/>
</testsuite> <!-- test.BDregister1 -->
