<?xml version="1.0" encoding="UTF-8"?>
<!-- Generated by org.testng.reporters.JUnitReportReporter -->
<testsuite hostname="Aksamaria" failures="0" tests="1" name="Testingdemohw.dragandrop" time="0.320" errors="0" timestamp="2024-07-23T11:32:02 IST" skipped="0">
  <testcase classname="Testingdemohw.dragandrop" name="main" time="0.320"/>
  <system-out/>
</testsuite> <!-- Testingdemohw.dragandrop -->
