<?xml version="1.0" encoding="UTF-8"?>
<!-- Generated by org.testng.reporters.JUnitReportReporter -->
<testsuite hostname="Aksamaria" failures="0" tests="3" name="Testng.facebooksignup" time="7.454" errors="0" timestamp="2024-07-27T12:40:32 IST" skipped="0">
  <testcase classname="Testng.facebooksignup" name="test3" time="3.608"/>
  <system-out/>
  <testcase classname="Testng.facebooksignup" name="test1" time="1.381"/>
  <system-out/>
  <testcase classname="Testng.facebooksignup" name="test2" time="2.465"/>
  <system-out/>
</testsuite> <!-- Testng.facebooksignup -->
