<?xml version="1.0" encoding="UTF-8"?>
<!-- Generated by org.testng.reporters.JUnitReportReporter -->
<testsuite hostname="Aksamaria" failures="0" tests="1" name="Testng.Amazonasmt" time="108.068" errors="0" timestamp="2024-08-02T13:18:13 IST" skipped="0">
  <testcase classname="Testng.Amazonasmt" name="test" time="108.068"/>
  <system-out/>
</testsuite> <!-- Testng.Amazonasmt -->
