<?xml version="1.0" encoding="UTF-8"?>
<!-- Generated by org.testng.reporters.JUnitReportReporter -->
<testsuite hostname="Aksamaria" failures="0" tests="4" name="Testng.Testngdemo" time="0.014" errors="0" timestamp="2024-07-19T11:16:50 IST" skipped="1">
  <testcase classname="Testng.Testngdemo" name="test3" time="0.003"/>
  <system-out/>
  <testcase classname="Testng.Testngdemo" name="test2" time="0.003"/>
  <system-out/>
  <testcase classname="Testng.Testngdemo" name="test2" time="0.008"/>
  <system-out/>
  <testcase classname="Testng.Testngdemo" name="test1">
    <skipped/>
  </testcase> <!-- test1 -->
  <system-out/>
</testsuite> <!-- Testng.Testngdemo -->
