<?xml version="1.0" encoding="UTF-8"?>
<!-- Generated by org.testng.reporters.JUnitReportReporter -->
<testsuite hostname="Aksamaria" failures="0" tests="1" name="Testng.Actionpgm" time="2.864" errors="0" timestamp="2024-07-23T10:49:33 IST" skipped="0">
  <testcase classname="Testng.Actionpgm" name="test1" time="2.864"/>
  <system-out/>
</testsuite> <!-- Testng.Actionpgm -->
