<?xml version="1.0" encoding="UTF-8"?>
<!-- Generated by org.testng.reporters.JUnitReportReporter -->
<testsuite hostname="Aksamaria" failures="0" tests="3" name="Testng.Crossbrowser" time="5.852" errors="0" timestamp="2024-07-19T13:32:14 IST" skipped="0">
  <testcase classname="Testng.Crossbrowser" name="fb" time="1.538"/>
  <system-out/>
  <testcase classname="Testng.Crossbrowser" name="fb" time="2.300"/>
  <system-out/>
  <testcase classname="Testng.Crossbrowser" name="fb" time="2.014"/>
  <system-out/>
</testsuite> <!-- Testng.Crossbrowser -->
