<?xml version="1.0" encoding="UTF-8"?>
<!-- Generated by org.testng.reporters.JUnitReportReporter -->
<testsuite hostname="Aksamaria" failures="0" tests="1" name="homework.fb" time="2.755" errors="0" timestamp="2024-07-19T11:31:04 IST" skipped="0">
  <testcase classname="homework.fb" name="test" time="2.755"/>
  <system-out/>
</testsuite> <!-- homework.fb -->
