<?xml version="1.0" encoding="UTF-8"?>
<!-- Generated by org.testng.reporters.JUnitReportReporter -->
<testsuite hostname="Aksamaria" failures="0" tests="1" name="test.Fblogintest1" time="2.339" errors="0" timestamp="2024-07-27T12:45:49 IST" skipped="0">
  <testcase classname="test.Fblogintest1" name="testlogin" time="2.339"/>
  <system-out/>
</testsuite> <!-- test.Fblogintest1 -->
