<?xml version="1.0" encoding="UTF-8"?>
<!-- Generated by org.testng.reporters.JUnitReportReporter -->
<testsuite hostname="Aksamaria" failures="0" tests="1" name="Testng.Rishiherindia" time="15.126" errors="0" timestamp="2024-08-03T12:22:01 IST" skipped="0">
  <testcase classname="Testng.Rishiherindia" name="test1" time="15.126"/>
  <system-out/>
</testsuite> <!-- Testng.Rishiherindia -->
