<?xml version="1.0" encoding="UTF-8"?>
<!-- Generated by org.testng.reporters.JUnitReportReporter -->
<testsuite hostname="Aksamaria" failures="0" tests="1" name="Testingdemohw.facebooksu" time="2.016" errors="0" timestamp="2024-07-20T11:21:35 IST" skipped="0">
  <testcase classname="Testingdemohw.facebooksu" name="test2" time="2.016"/>
  <system-out/>
</testsuite> <!-- Testingdemohw.facebooksu -->
