<?xml version="1.0" encoding="UTF-8"?>
<!-- Generated by org.testng.reporters.JUnitReportReporter -->
<testsuite hostname="Aksamaria" failures="0" tests="1" name="test.Fblogintest" time="1.722" errors="0" timestamp="2024-07-27T12:29:02 IST" skipped="0">
  <testcase classname="test.Fblogintest" name="testlogin" time="1.722"/>
  <system-out/>
</testsuite> <!-- test.Fblogintest -->
