<?xml version="1.0" encoding="UTF-8"?>
<!-- Generated by org.testng.reporters.JUnitReportReporter -->
<testsuite hostname="Aksamaria" failures="0" tests="4" name="Testingdemohw.testnggrouping1" time="0.011" errors="0" timestamp="2024-07-20T11:35:54 IST" skipped="0">
  <testcase classname="Testingdemohw.testnggrouping1" name="main" time="0.009"/>
  <system-out/>
  <testcase classname="Testingdemohw.testnggrouping1" name="main2" time="0.001"/>
  <system-out/>
  <testcase classname="Testingdemohw.testnggrouping1" name="main1" time="0.000"/>
  <system-out/>
  <testcase classname="Testingdemohw.testnggrouping1" name="main4" time="0.001"/>
  <system-out/>
</testsuite> <!-- Testingdemohw.testnggrouping1 -->
