<?xml version="1.0" encoding="UTF-8"?>
<!-- Generated by org.testng.reporters.JUnitReportReporter -->
<testsuite hostname="Aksamaria" failures="0" tests="1" name="Testng.getwindowhandlepgm" time="7.666" errors="0" timestamp="2024-07-30T11:12:49 IST" skipped="0">
  <testcase classname="Testng.getwindowhandlepgm" name="test1" time="7.666"/>
  <system-out/>
</testsuite> <!-- Testng.getwindowhandlepgm -->
