<?xml version="1.0" encoding="UTF-8"?>
<!-- Generated by org.testng.reporters.JUnitReportReporter -->
<testsuite hostname="Aksamaria" failures="0" tests="1" name="Testng.datadrivenhw" time="2.482" errors="0" timestamp="2024-07-29T12:23:53 IST" skipped="0">
  <testcase classname="Testng.datadrivenhw" name="main" time="2.482"/>
  <system-out/>
</testsuite> <!-- Testng.datadrivenhw -->
