<?xml version="1.0" encoding="UTF-8"?>
<!-- Generated by org.testng.reporters.JUnitReportReporter -->
<testsuite hostname="Aksamaria" failures="0" tests="3" name="Testng.Testnggrouping" time="0.010" errors="0" timestamp="2024-07-19T12:55:19 IST" skipped="0">
  <testcase classname="Testng.Testnggrouping" name="main" time="0.007"/>
  <system-out/>
  <testcase classname="Testng.Testnggrouping" name="main4" time="0.001"/>
  <system-out/>
  <testcase classname="Testng.Testnggrouping" name="main2" time="0.002"/>
  <system-out/>
</testsuite> <!-- Testng.Testnggrouping -->
