<?xml version="1.0" encoding="UTF-8"?>
<!-- Generated by org.testng.reporters.JUnitReportReporter -->
<testsuite hostname="Aksamaria" failures="0" tests="1" name="Testpkg.Fbtest" time="2.698" errors="0" timestamp="2024-07-29T13:29:17 IST" skipped="0">
  <testcase classname="Testpkg.Fbtest" name="verifyLoginWithValidCred" time="2.698"/>
  <system-out/>
</testsuite> <!-- Testpkg.Fbtest -->
