<?xml version="1.0" encoding="UTF-8"?>
<!-- Generated by org.testng.reporters.JUnitReportReporter -->
<testsuite hostname="Aksamaria" failures="0" tests="1" name="Testng.Notificationpgm" time="4.823" errors="0" timestamp="2024-07-29T11:34:27 IST" skipped="0">
  <testcase classname="Testng.Notificationpgm" name="url" time="4.823"/>
  <system-out/>
</testsuite> <!-- Testng.Notificationpgm -->
