<?xml version="1.0" encoding="UTF-8"?>
<!-- Generated by org.testng.reporters.JUnitReportReporter -->
<testsuite hostname="Aksamaria" failures="0" tests="1" name="Testng.Scrolldownpgm" time="4.490" errors="0" timestamp="2024-07-28T12:21:22 IST" skipped="0">
  <testcase classname="Testng.Scrolldownpgm" name="test1" time="4.490"/>
  <system-out/>
</testsuite> <!-- Testng.Scrolldownpgm -->
