<?xml version="1.0" encoding="UTF-8"?>
<!-- Generated by org.testng.reporters.JUnitReportReporter -->
<testsuite hostname="Aksamaria" failures="0" tests="1" name="Testng.Fileupload" time="12.867" errors="0" timestamp="2024-07-27T12:39:49 IST" skipped="0">
  <testcase classname="Testng.Fileupload" name="test" time="12.867"/>
  <system-out/>
</testsuite> <!-- Testng.Fileupload -->
