<?xml version="1.0" encoding="UTF-8"?>
<!-- Generated by org.testng.reporters.JUnitReportReporter -->
<testsuite hostname="Aksamaria" failures="0" tests="1" name="Testng.Contexttextdoubleclick" time="11.813" errors="0" timestamp="2024-07-27T11:16:48 IST" skipped="0">
  <testcase classname="Testng.Contexttextdoubleclick" name="test" time="11.813"/>
  <system-out/>
</testsuite> <!-- Testng.Contexttextdoubleclick -->
